<?xml version="1.0" encoding="utf-8"?><testsuites name="pytest tests"><testsuite name="pytest" errors="0" failures="0" skipped="0" tests="27" time="4.594" timestamp="2026-07-07T20:53:11.484436+00:00" hostname="agent-env-a08f31f3-cde2-4084-aa49-0332462900e3"><testcase classname="tests.backend_test.TestHealthAndAuth" name="test_root" time="0.242" /><testcase classname="tests.backend_test.TestWines" name="test_list_wines_seeded" time="0.177" /><testcase classname="tests.backend_test.TestWines" name="test_list_wines_featured_filter" time="0.055" /><testcase classname="tests.backend_test.TestWines" name="test_list_wines_series_filter" time="0.049" /><testcase classname="tests.backend_test.TestHealthAndAuth" name="test_login_invalid" time="0.304" /><testcase classname="tests.backend_test.TestWines" name="test_get_wine_by_slug" time="0.265" /><testcase classname="tests.backend_test.TestHealthAndAuth" name="test_login_success_returns_token_and_user" time="0.272" /><testcase classname="tests.backend_test.TestWines" name="test_get_wine_not_found" time="0.271" /><testcase classname="tests.backend_test.TestHealthAndAuth" name="test_me_requires_auth" time="0.096" /><testcase classname="tests.backend_test.TestWines" name="test_create_wine_requires_auth" time="0.052" /><testcase classname="tests.backend_test.TestWines" name="test_wine_crud_flow" time="0.989" /><testcase classname="tests.backend_test.TestHealthAndAuth" name="test_me_with_bearer" time="0.585" /><testcase classname="tests.backend_test.TestPosts" name="test_list_posts" time="0.052" /><testcase classname="tests.backend_test.TestPosts" name="test_get_post_by_slug" time="0.054" /><testcase classname="tests.backend_test.TestPosts" name="test_post_crud_flow" time="0.431" /><testcase classname="tests.backend_test.TestPages" name="test_get_home_page_public" time="0.070" /><testcase classname="tests.backend_test.TestPages" name="test_list_pages_requires_auth" time="0.153" /><testcase classname="tests.backend_test.TestSubmissions" name="test_submission_create_public" time="0.050" /><testcase classname="tests.backend_test.TestPages" name="test_list_pages_auth" time="0.130" /><testcase classname="tests.backend_test.TestSubmissions" name="test_submission_list_requires_auth" time="0.107" /><testcase classname="tests.backend_test.TestSubmissions" name="test_submission_list_and_mark_and_delete" time="0.421" /><testcase classname="tests.backend_test.TestPages" name="test_update_page" time="1.479" /><testcase classname="tests.backend_test.TestMedia" name="test_media_upload_requires_auth" time="0.109" /><testcase classname="tests.backend_test.TestMedia" name="test_media_upload_and_list" time="0.663" /><testcase classname="tests.backend_test.TestNewsletter" name="test_newsletter_signup" time="0.098" /><testcase classname="tests.backend_test.TestNewsletter" name="test_newsletter_list_requires_auth" time="0.102" /><testcase classname="tests.backend_test.TestNewsletter" name="test_newsletter_list_auth" time="0.124" /></testsuite></testsuites>