<?xml version="1.0" encoding="utf-8"?><testsuites name="pytest tests"><testsuite name="pytest" errors="0" failures="0" skipped="0" tests="27" time="16.398" timestamp="2026-07-02T02:55:46.454211+00:00" hostname="agent-env-a08f31f3-cde2-4084-aa49-0332462900e3"><testcase classname="tests.backend_test.TestHealthAndAuth" name="test_root" time="0.254" /><testcase classname="tests.backend_test.TestWines" name="test_list_wines_seeded" time="0.210" /><testcase classname="tests.backend_test.TestWines" name="test_list_wines_featured_filter" time="0.064" /><testcase classname="tests.backend_test.TestHealthAndAuth" name="test_login_invalid" time="0.298" /><testcase classname="tests.backend_test.TestWines" name="test_list_wines_series_filter" time="0.281" /><testcase classname="tests.backend_test.TestHealthAndAuth" name="test_login_success_returns_token_and_user" time="0.292" /><testcase classname="tests.backend_test.TestWines" name="test_get_wine_by_slug" time="0.289" /><testcase classname="tests.backend_test.TestHealthAndAuth" name="test_me_requires_auth" time="0.199" /><testcase classname="tests.backend_test.TestWines" name="test_get_wine_not_found" time="0.066" /><testcase classname="tests.backend_test.TestWines" name="test_create_wine_requires_auth" time="0.062" /><testcase classname="tests.backend_test.TestWines" name="test_wine_crud_flow" time="1.281" /><testcase classname="tests.backend_test.TestHealthAndAuth" name="test_me_with_bearer" time="0.634" /><testcase classname="tests.backend_test.TestPages" name="test_get_home_page_public" time="0.073" /><testcase classname="tests.backend_test.TestPages" name="test_list_pages_requires_auth" time="0.232" /><testcase classname="tests.backend_test.TestPages" name="test_list_pages_auth" time="0.157" /><testcase classname="tests.backend_test.TestPages" name="test_update_page" time="0.333" /><testcase classname="tests.backend_test.TestPosts" name="test_list_posts" time="0.065" /><testcase classname="tests.backend_test.TestPosts" name="test_get_post_by_slug" time="0.066" /><testcase classname="tests.backend_test.TestPosts" name="test_post_crud_flow" time="0.695" /><testcase classname="tests.backend_test.TestSubmissions" name="test_submission_create_public" time="0.066" /><testcase classname="tests.backend_test.TestSubmissions" name="test_submission_list_requires_auth" time="0.155" /><testcase classname="tests.backend_test.TestSubmissions" name="test_submission_list_and_mark_and_delete" time="0.633" /><testcase classname="tests.backend_test.TestNewsletter" name="test_newsletter_signup" time="0.134" /><testcase classname="tests.backend_test.TestNewsletter" name="test_newsletter_list_requires_auth" time="0.156" /><testcase classname="tests.backend_test.TestMedia" name="test_media_upload_requires_auth" time="0.159" /><testcase classname="tests.backend_test.TestNewsletter" name="test_newsletter_list_auth" time="0.159" /><testcase classname="tests.backend_test.TestMedia" name="test_media_upload_and_list" time="12.282" /></testsuite></testsuites>